<?xml version="1.0" encoding="UTF-8"?>
<!-- Generated by org.testng.reporters.JUnitReportReporter -->
<testsuite skipped="0" hostname="KarthickRagul-Laptop" name="com.qa.testscripts.TC_ShopCluesLogin_001" tests="2" failures="0" timestamp="2021-10-22T20:07:21 IST" time="24.447" errors="0">
  <testcase name="Login" time="22.263" classname="com.qa.testscripts.TC_ShopCluesLogin_001"/>
  <system-out>
    <![CDATA[User Login Successfull for Shopclues, User landed on the Home Page]]>
  </system-out>
  <testcase name="Logout" time="2.184" classname="com.qa.testscripts.TC_ShopCluesLogin_001"/>
  <system-out>
    <![CDATA[Log out Successfull]]>
  </system-out>
</testsuite> <!-- com.qa.testscripts.TC_ShopCluesLogin_001 -->
