<?xml version="1.0" encoding="UTF-8"?>
<!-- Generated by org.testng.reporters.JUnitReportReporter -->
<testsuite skipped="0" hostname="KarthickRagul-Laptop" name="com.qa.testscripts.TC_ShopCluesRegister_001" tests="1" failures="0" timestamp="2021-10-20T00:01:36 IST" time="37.273" errors="0">
  <testcase name="login" time="37.273" classname="com.qa.testscripts.TC_ShopCluesRegister_001"/>
  <system-out>
    <![CDATA[Login Successfull for Shopclues]]>
  </system-out>
</testsuite> <!-- com.qa.testscripts.TC_ShopCluesRegister_001 -->
