<?xml version="1.0" encoding="UTF-8"?>
<!-- Generated by org.testng.reporters.JUnitReportReporter -->
<testsuite skipped="0" hostname="KarthickRagul-Laptop" name="com.qa.testscripts.TC_ValidateShopCluesSearch" tests="5" failures="0" timestamp="2021-10-31T18:36:16 IST" time="44.357" errors="0">
  <testcase name="ValidateSearchItem" time="7.705" classname="com.qa.testscripts.TC_ValidateShopCluesSearch"/>
  <system-out>
    <![CDATA[Title loaded is correct
NO RESULT FOUND !
No item found]]>
  </system-out>
  <testcase name="ValidateSearchItem" time="8.781" classname="com.qa.testscripts.TC_ValidateShopCluesSearch"/>
  <system-out>
    <![CDATA[Title loaded is correct
Analogue Blue Dial Mens Watch SM30137.03
₹8,800
₹10,000
Free Shipping
Titan Karishma Round Gold Metal Strap Analog Watch For
₹393 86% Off
₹414 ₹2,999
Free Shipping
Fastrack Men Watch - 661
₹373 81% Off
₹394 ₹1,999
Free Shipping
Fastrack Analog Quartz 1474sm01 Silver Dial Rectangle S
₹478 76% Off
₹499 ₹1,999
Free Shipping
Titan Men Classic Analog Watch NH9159SL01
₹438 78% Off
₹459 ₹1,999
Free Shipping
Fastrack Men Analog Silver Dial Watch sky 666
₹448 77% Off
₹469 ₹1,999
Free Shipping
Titan Round Dial Leather Brown Strap Watches Combo For
₹684 72% Off
₹739 ₹2,499
Free Shipping
Fastrack Analog Quartz Silver Dial Rectangle Stainless
₹528 73% Off
₹549 ₹1,999
Free Shipping
Fastrack 3099SL01 Casual Watch For Men
₹475 76% Off
₹519 ₹1,999
Free Shipping
Radius by Smartshop16 Men Round Black Dial Leather Anal
₹98 90% Off
₹99 ₹999
Free Shipping
Titan 9151BM01 Classic Watch For Men
₹703 76% Off
₹759 ₹2,999
Free Shipping
Fastrack 3121SM02 Black Round Dial Silver Stainless Ste
₹513 74% Off
₹559 ₹1,999
Free Shipping
Total item:12]]>
  </system-out>
  <testcase name="ValidateSearchItem" time="10.196" classname="com.qa.testscripts.TC_ValidateShopCluesSearch"/>
  <system-out>
    <![CDATA[Title loaded is correct
MTR MT310 Dual Sim Feature Phone
₹646 35% Off
₹699 ₹999
I KALL K18 New 24 Inches61cm Display Dual Sim Feature P
₹788 47% Off
₹849 ₹1,499
Free Shipping
MTR MT312 Dual Sim Feature Phone
₹693 76% Off
₹749 ₹2,999
Ikall K3310 1.8 inches (4.57 cm) Dual Sim Mobile Phone
₹570 42% Off
₹599 ₹999
I Kall K31 1.8 inch Dual Sim Feature Phone
₹522 34% Off
₹549 ₹799
Free Shipping
MTR 312 1.8 inches (4.57 cm) Dual Sim Blue Feature Phon
₹646 46% Off
₹699 ₹1,199
Free Shipping
Pear P310 Dual Sim Feature Phone
₹646 52% Off
₹699 ₹1,357
Free Shipping
I Kall K444 24 Inch Dual Sim Feature Phone with Fast Ch
₹855 42% Off
₹899 ₹1,499
Free Shipping
I KALL K75 14 Inch Display Single Sim Feature Phone
₹408 59% Off
₹449 ₹999
Free Shipping
MTR FARARI 2.4 Inches(6.1cm) Display Dual Sim Feature P
₹1,045 47% Off
₹1,199 ₹1,999
Free Shipping
I KALL K6300 New 28 inches 711 cm Display Triple Sim F
₹1,045 47% Off
₹1,199 ₹1,999
Free Shipping
Pear P310 Dual Sim Feature Phone
₹655 34% Off
₹709 ₹999
Free Shipping
Total item:12]]>
  </system-out>
  <testcase name="ValidateSearchItem" time="8.331" classname="com.qa.testscripts.TC_ValidateShopCluesSearch"/>
  <system-out>
    <![CDATA[Title loaded is correct
AD
Aadi Mens Beige Lace-up Outdoor Shoes
₹484 19% Off
₹529 ₹599
Feet First Leather Slip-on Casual Shoes for Men
₹1,090 56% Off
₹1,247 ₹2,499
Free Shipping
Yellow Tree High Quality Gray Casual Shoes
₹498 50% Off
₹544 ₹999
Men's Maroon and Black Lace up Casual Shoe
₹408 59% Off
₹449 ₹999
Yellow Tree High Quality Brown Casual Shoes
₹498 50% Off
₹544 ₹999
Capital S Casual Shoes for Men
₹551 44% Off
₹599 ₹999
Spain Style Men Black Lace-up Outdoors Shoes
₹325 67% Off
₹362 ₹999
Free Shipping
Aadi Men Black Lace-up Casual Shoes
₹375 62% Off
₹394 ₹999
Free Shipping
Knoos Men Tan Lace-up Casual Shoes
₹384 61% Off
₹404 ₹999
Free Shipping
Blue Pop Men Red Lace-up Derby Shoes
₹470 52% Off
₹514 ₹999
Free Shipping
Aadi New Look Casual Shoes
₹389 23% Off
₹429 ₹509
Free Shipping
Knoos Men Brown Smart Casual Lace-up Shoe
₹446 55% Off
₹489 ₹999
Free Shipping
BRK Blue Smart PVC Lace-up Casual Shoes For Men
₹638 68% Off
₹659 ₹1,999
Total item:13]]>
  </system-out>
  <testcase name="ValidateSearchItem" time="9.344" classname="com.qa.testscripts.TC_ValidateShopCluesSearch"/>
  <system-out>
    <![CDATA[Title loaded is correct
NO RESULT FOUND !
No item found]]>
  </system-out>
</testsuite> <!-- com.qa.testscripts.TC_ValidateShopCluesSearch -->
