<?xml version="1.0" encoding="UTF-8"?>
<!-- Generated by org.testng.reporters.JUnitReportReporter -->
<testsuite skipped="0" hostname="KarthickRagul-Laptop" name="com.qa.testscripts.TC_ShopCluesViewEditProfile_001" tests="3" failures="0" timestamp="2021-10-22T20:42:49 IST" time="170.250" errors="0">
  <testcase name="Login" time="22.289" classname="com.qa.testscripts.TC_ShopCluesViewEditProfile_001"/>
  <system-out>
    <![CDATA[User Login Successfull for Shopclues, User landed on the Home Page]]>
  </system-out>
  <testcase name="ViewandUpdateProfile" time="145.422" classname="com.qa.testscripts.TC_ShopCluesViewEditProfile_001"/>
  <system-out>
    <![CDATA[Male radio button is Selected
Profile has been updated successfully
New address has been Saved]]>
  </system-out>
  <testcase name="Logout" time="2.539" classname="com.qa.testscripts.TC_ShopCluesViewEditProfile_001"/>
  <system-out>
    <![CDATA[Log out Successfull]]>
  </system-out>
</testsuite> <!-- com.qa.testscripts.TC_ShopCluesViewEditProfile_001 -->
