<?xml version="1.0" encoding="UTF-8"?>
<!-- Generated by org.testng.reporters.JUnitReportReporter -->
<testsuite skipped="0" hostname="KarthickRagul-Laptop" name="com.qa.testscripts.TC_ValidateShopCluesHyperLinks" tests="1" failures="0" timestamp="2021-10-31T18:36:16 IST" time="11.484" errors="0">
  <testcase name="getLinks" time="11.484" classname="com.qa.testscripts.TC_ValidateShopCluesHyperLinks"/>
  <system-out>
    <![CDATA[Total No.of Links Present : 312
Links are:
Sell With Us
Call Us
Search
Sign In
Location
MOBILES & MORE
MEN
WOMEN
HOME & KITCHEN
APPLIANCES
SPORTS & MORE
ESSENTIALS
OFFERS
GLOBAL SHOPPING
Time Sale
Flu Care
Food & Beverage
Personal Hygiene
Home Cleaning
Nutrition & Supplements
Kitchen & Dining
Refurbished Mobiles
Mobile Accessories
Sunday Flea
Market
Prime
Mall
Stunning Home
Interiors
Spain Style
Men's Footwear
Happy
Easy Go
See More
Easy Returns & Replacement
Sign In/Register
Our Policies
CluesBucks
Payment Options
ShopClues Surety
FAQs (Help)
Service Centers
User Agreement
Refer & Earn
Merchant Panel
How To Sell
Commission Structure
Fullfillment Policy
Policies & Rules
User Agreement
Testimonials
Seller Summit
Merchant Blog
Developer Resources
About Us
History
Band of Trust
Brand Guidelines
TV Commercials
In the News
Awards
Careers
Blog
Merchant Support
Bulk Orders
Press
In the News
Mobile & Tablets:
Android Phones
Smartphones
Feature Phones
Unboxed Phones
Refurbished Phones
Tablets
CDMA Phones
Value Added Services
Sell Old/ Used Mobiles
Computers:
Laptops
Printers
Routers
Ink & Toner Cartridges
Monitors
Video Games
Unboxed & Refurbished Laptops
Assembled Desktops
Data Cards
TV, Audio & Large Appliances:
TVs & DTH
Home Theatre Systems
Hidden Cameras & CCTVs
Refrigerators
Washing Machines
Air Conditioners
Cameras
Speakers
Mobile & Laptop Accessories:
Headphones
Power Banks
Backpacks
Mobile Cases & Covers
Pen Drives
External Hard Disks
Mouse
Smart Watches & Fitness Bands
MicroSD Cards
Appliances:
Trimmers
Hair Dryers
Emergency Lights
Water Purifiers
Electric Kettles
Hair Straighteners
Induction Cooktops
Sewing Machines
Geysers
Home & Kitchen:
Bedsheets
Hardware & Sanitaryware
Towels, Bath Linens
Furniture
Cookware
Kitchen Tools
Home Cleaning Utilities
Doormats
Curtains
Gardening Essentials
Fashion:
Women's Clothing
Men's Clothing
Women's Ethnic Wear
Men's Fashion Accessories
Sports Wear
Western Wear
Handbags & Wallets, Clutches
Handbags
Sarees
T-Shirts
Lingerie & Sleep Wear
Footwear:
Men's Sports Shoes
Men's Slippers
Casual Shoes
Sandals & Floaters
Formal Shoes
Women Flats
Ballerinas
Loafers
Boots
Shoe Care & Accessories
Travel & Luggage:
Duffle Bags
Laptop Bags
Travel Pouches
Backpacks
Suitcases & Trolleys
Travel Accessories
Gym Bags
Messenger Bags
School Bags
Safety Locks
Jewelry & Watches:
Coins & Bars
Men's Watches
Women's Watches
Necklaces Sets
Fashion Jewelry
Pendants and Lockets
Earrings
Rings
Jewelry Boxes
Kid's Watches
Automotive:
Bike Accessories / Tools
Car Cleaning Aids
Helmets
Bike Body Covers
Car Accessories / Tools
Riding Gloves
Car Perfumes
Car Scratch Removers
Car Audio | Video
Bike Alarms
Toys, Baby & Kids :
Diapers
Educational Toys
Kid's Footwear
Remote Controlled Toys
Soft Toys
Party Supplies
Cubes
Maternity Care
Kid's Apparel
Gourmet & Daily Needs :
Office Supplies
Pet Supplies
Books
Namkeen
Stationery
Pens & Markers
Tea & Coffee
Chocolates & Candies
Indian Sweets
Gifts
Sports and Health
Home Gym Equipment
Exercise Bikes
Gym Accessories
Massagers
Diabetic Care
Cricket
Table Tennis
Beauty & Perfumes:
Grooming Essentials
Deodorants
Men's Perfumes
Hair Care
Women's Perfumes
Face Packs
Oral Care
Herbal Care
Value Combo
Women's Hygiene
Offers & Coupons
Couple Watches
Gas Stoves
Air Coolers
Air Purifiers
Headphones / Mic / Headset
Pressure Cookers
Sandwich Makers
Air Friers / Deep Friers
Irons
LED TV
Men Jackets
Educational Toys
Stabilizers
Heaters
Car Audio Systems
Photo Frames
Men's Shoes
Decorative Lights
Rain Wear
Bedsheets
Top Brands
Refer & Earn
Shopclues Surety Program
Join the Club Now
Privacy Policy
User Agreement
Notes to Security Practices
Labor Compliance
Wall of Fame]]>
  </system-out>
</testsuite> <!-- com.qa.testscripts.TC_ValidateShopCluesHyperLinks -->
