<?xml version="1.0" encoding="UTF-8"?>
<!-- Generated by org.testng.reporters.JUnitReportReporter -->
<testsuite skipped="0" hostname="KarthickRagul-Laptop" name="com.qa.testscripts.TC_ValidateShopCluesFilters" tests="2" failures="0" timestamp="2021-10-31T18:36:16 IST" time="48.486" errors="0">
  <testcase name="Fliter" time="23.945" classname="com.qa.testscripts.TC_ValidateShopCluesFilters"/>
  <system-out>
    <![CDATA[Suggestions are : 
mobiles in Feature Phones
mobiles 4g in Smartphones
mobiles below 500
mobiles under 5000
mobiles under 2000 screen touch phone
Mobiles phones under 500
mobiles 4g 64gb 4gb ram lowest price
Mobiles 4gb ram and 64gb rom dual volty
mobiles under 7000 with 3gb ram and finger
mobiles having finger print scanner
https://www.shopclues.com/search?q=Mobiles&sc_z=4444&z=0&shopClues_surety[]=1&by_combo[]=2356745&fsrc=shopClues_surety,by_combo
The url contains the filters]]>
  </system-out>
  <testcase name="Fliter" time="24.541" classname="com.qa.testscripts.TC_ValidateShopCluesFilters"/>
  <system-out>
    <![CDATA[Suggestions are : 
laptop in Laptops
laptop bags in Laptop Bags
laptop skin
Laptop bag
laptop speaker
Laptop covers,key guard and screen protector for 14inch
laptop screen guard for 15.6 laptop
laptop back cover
laptops in laptops below 15000
Laptop 4gb ram 500gb internal low new price
https://www.shopclues.com/search?q=Laptop&sc_z=4444&z=0&shopClues_surety[]=1&by_combo[]=2356745&fsrc=shopClues_surety,by_combo
The url contains the filters]]>
  </system-out>
</testsuite> <!-- com.qa.testscripts.TC_ValidateShopCluesFilters -->
