<?xml version="1.0" encoding="UTF-8"?>
<!-- Generated by org.testng.reporters.JUnitReportReporter -->
<testsuite skipped="0" hostname="KarthickRagul-Laptop" name="com.qa.testscripts.TC_ValidateShopCluesSearchAndAddtoCart_001" tests="2" failures="0" timestamp="2021-10-29T10:25:18 IST" time="86.029" errors="0">
  <testcase name="Search" time="51.819" classname="com.qa.testscripts.TC_ValidateShopCluesSearchAndAddtoCart_001"/>
  <system-out>
    <![CDATA[Trending searches is  not  displayed


Suggestions are not matching with search item
Real Gold Gents Wrist Watch
₹138,799 16% Off
₹139,999 ₹166,700
Free Shipping
Titan Karishma Round Gold Metal Strap Analog Watch For
₹393 86% Off
₹414 ₹2,999
Free Shipping
True Choice Round Dial Brown Leather Strap Analog Watch
₹178 82% Off
₹179 ₹999
Fastrack Men Watch - 661
₹373 81% Off
₹394 ₹1,999
Free Shipping
Item added to cart]]>
  </system-out>
  <testcase name="Search" time="34.210" classname="com.qa.testscripts.TC_ValidateShopCluesSearchAndAddtoCart_001"/>
  <system-out>
    <![CDATA[Trending searches is displayed
Trending Searches
Time Sale
Mobiles
T-Shirts
Headphones
Shoes
Sarees
Shirts
Watches
Bedsheets
Trimmers

Suggestions are not matching with search item
White Paper Cups, 150 ml (Pack of 100)
₹138 54% Off
₹145 ₹300
Free Shipping
Measuring Cup Baking Spoon Set of 8
₹161 59% Off
₹189 ₹399
Paper Cup, Tea Cup, Coffee Cup (90ML) - 50 Pc
₹314 28% Off
₹350 ₹440
Free Shipping
Coffe Cup Zodiac Aquarius
₹352 45% Off
₹390 ₹650
Free Shipping
Item added to cart]]>
  </system-out>
</testsuite> <!-- com.qa.testscripts.TC_ValidateShopCluesSearchAndAddtoCart_001 -->
