<?xml version="1.0" encoding="UTF-8"?>
<!-- Generated by org.testng.reporters.JUnitReportReporter -->
<testsuite skipped="0" hostname="KarthickRagul-Laptop" name="com.qa.testscripts.TC_ValidateShopCluesSearchAndAddtoCart" tests="2" failures="0" timestamp="2021-10-31T18:36:16 IST" time="80.318" errors="0">
  <testcase name="Search" time="47.140" classname="com.qa.testscripts.TC_ValidateShopCluesSearchAndAddtoCart"/>
  <system-out>
    <![CDATA[Recent Searches
Clear Search History
glass wall mobile pictures stickers in mobile shopping
Trending Searches
Time Sale
Mobiles
T-Shirts
Headphones
Shoes
Sarees
Shirts
Watches
Bedsheets
Trimmers
Trending searches along with Recent searches  is displayed
watch in Men Watches
watch for men in Men Watches
watches for women
watch combo
watches for boy
watch for girls
Watch mobile
Watch for boys
watch fastrack
Suggestions  matches with search item 
Search field is updated with the suggestion text successfully
Titan Women Black Dial Silver Stainless Steel Analog Wa
₹323 89% Off
₹339 ₹2,999
Free Shipping
Titan Youth Women Round Black Dial Silver Stainless Ste
₹343 82% Off
₹364 ₹1,999
Free Shipping
Titan Youth Analog Black Dial Silver Stainless Steel St
₹368 81% Off
₹389 ₹1,999
Free Shipping
Fastrack Women Analog Watch - NM6078SM01
₹448 77% Off
₹469 ₹1,999
Free Shipping
Correct Item Added to cart]]>
  </system-out>
  <testcase name="Search" time="33.178" classname="com.qa.testscripts.TC_ValidateShopCluesSearchAndAddtoCart"/>
  <system-out>
    <![CDATA[Trending Searches
Time Sale
Mobiles
T-Shirts
Headphones
Shoes
Sarees
Shirts
Watches
Bedsheets
Trimmers
Trending searches is displayed
glass top gas stove in Gas Cooktops
glasses eye for night vision in Eyewear
Glass wall mobile pictures stickers in mobile shopping
Glass hookah with flavour coal and Tong by
Glass
Glass and back both in 1oder hoton 9n
Glass and cover combo Asus zenfone max m1
glass drop crystals of chandelier ceiling hanging
glass guard for asus zenfone max pro m2
glass jar with cork glass jar with cork
Suggestions  matches with search item 
Search field is updated with the suggestion text successfully
Shopping jaipur Beautiful Kundan Meenakari Wooden Mobil
₹551 64% Off
₹599 ₹1,549
Free Shipping
TSV YT-1288 Extra Long Selfie For Best Pictures With B
₹576 42% Off
₹597 ₹999
Free Shipping
Indo Digital YT-1288 Extra Long Selfie For Best Picture
₹627 37% Off
₹680 ₹999
Crystal Digital YT-1288 Extra Long Selfie For Best Pict
₹646 35% Off
₹699 ₹999
Correct Item Added to cart]]>
  </system-out>
</testsuite> <!-- com.qa.testscripts.TC_ValidateShopCluesSearchAndAddtoCart -->
