<?xml version="1.0" encoding="UTF-8"?>
<!-- Generated by org.testng.reporters.JUnitReportReporter -->
<testsuite skipped="0" hostname="KarthickRagul-Laptop" name="com.qa.testscripts.TC_ValidateShopCluesLocationField_001" tests="7" failures="0" timestamp="2021-10-29T10:48:59 IST" time="58.242" errors="0">
  <testcase name="getLocationPinCode" time="10.441" classname="com.qa.testscripts.TC_ValidateShopCluesLocationField_001"/>
  <system-out>
    <![CDATA[Valid pincode
Pincode added Succesfully]]>
  </system-out>
  <testcase name="getLocationPinCode" time="5.325" classname="com.qa.testscripts.TC_ValidateShopCluesLocationField_001"/>
  <system-out>
    <![CDATA[Invalid pincode Entered]]>
  </system-out>
  <testcase name="getLocationPinCode" time="5.266" classname="com.qa.testscripts.TC_ValidateShopCluesLocationField_001"/>
  <system-out>
    <![CDATA[Invalid pincode Entered]]>
  </system-out>
  <testcase name="getLocationPinCode" time="11.046" classname="com.qa.testscripts.TC_ValidateShopCluesLocationField_001"/>
  <system-out>
    <![CDATA[Valid pincode
Pincode added Succesfully]]>
  </system-out>
  <testcase name="getLocationPinCode" time="10.466" classname="com.qa.testscripts.TC_ValidateShopCluesLocationField_001"/>
  <system-out>
    <![CDATA[Valid pincode
Pincode added Succesfully]]>
  </system-out>
  <testcase name="getLocationPinCode" time="10.406" classname="com.qa.testscripts.TC_ValidateShopCluesLocationField_001"/>
  <system-out>
    <![CDATA[Valid pincode
Pincode added Succesfully]]>
  </system-out>
  <testcase name="getLocationPinCode" time="5.292" classname="com.qa.testscripts.TC_ValidateShopCluesLocationField_001"/>
  <system-out>
    <![CDATA[Invalid pincode Entered]]>
  </system-out>
</testsuite> <!-- com.qa.testscripts.TC_ValidateShopCluesLocationField_001 -->
