<?xml version="1.0" encoding="UTF-8"?>
<!-- Generated by org.testng.reporters.JUnitReportReporter -->
<testsuite skipped="0" hostname="KarthickRagul-Laptop" name="com.qa.testscripts.TC_ValidateShopCluesLocationField" tests="7" failures="0" timestamp="2021-10-31T18:36:16 IST" time="57.890" errors="0">
  <testcase name="getLocationPinCode" time="10.569" classname="com.qa.testscripts.TC_ValidateShopCluesLocationField"/>
  <system-out>
    <![CDATA[Valid pincode
Pincode added Succesfully]]>
  </system-out>
  <testcase name="getLocationPinCode" time="5.310" classname="com.qa.testscripts.TC_ValidateShopCluesLocationField"/>
  <system-out>
    <![CDATA[Invalid pincode Entered]]>
  </system-out>
  <testcase name="getLocationPinCode" time="5.283" classname="com.qa.testscripts.TC_ValidateShopCluesLocationField"/>
  <system-out>
    <![CDATA[Invalid pincode Entered]]>
  </system-out>
  <testcase name="getLocationPinCode" time="10.515" classname="com.qa.testscripts.TC_ValidateShopCluesLocationField"/>
  <system-out>
    <![CDATA[Valid pincode
Pincode added Succesfully]]>
  </system-out>
  <testcase name="getLocationPinCode" time="5.310" classname="com.qa.testscripts.TC_ValidateShopCluesLocationField"/>
  <system-out>
    <![CDATA[Invalid pincode Entered]]>
  </system-out>
  <testcase name="getLocationPinCode" time="10.419" classname="com.qa.testscripts.TC_ValidateShopCluesLocationField"/>
  <system-out>
    <![CDATA[Valid pincode
Pincode added Succesfully]]>
  </system-out>
  <testcase name="getLocationPinCode" time="10.484" classname="com.qa.testscripts.TC_ValidateShopCluesLocationField"/>
  <system-out>
    <![CDATA[Valid pincode
Pincode added Succesfully]]>
  </system-out>
</testsuite> <!-- com.qa.testscripts.TC_ValidateShopCluesLocationField -->
